{
  "RSpec": {
    "coverage": {
      "/Users/Carmer/Documents/Turing/projects/idea_box_2.0/spec/api/v1/idea_controller_spec.rb": [
        1,
        1,
        null,
        1,
        null,
        7,
        7,
        null,
        1,
        1,
        1,
        1,
        1,
        null,
        1,
        1,
        null,
        null,
        null,
        1,
        1,
        1,
        1,
        1,
        1,
        null,
        null,
        null,
        1,
        1,
        1,
        1,
        1,
        1,
        null,
        null,
        null,
        1,
        1,
        1,
        1,
        null,
        1,
        null,
        1,
        1,
        1,
        null,
        null,
        null,
        1,
        1,
        1,
        1,
        1,
        null,
        1,
        null,
        1,
        null,
        1,
        1,
        1,
        null,
        null,
        null,
        1,
        1,
        1,
        1,
        null,
        1,
        1,
        null,
        null,
        null
      ],
      "/Users/Carmer/Documents/Turing/projects/idea_box_2.0/spec/rails_helper.rb": [
        null,
        1,
        1,
        1,
        1,
        null,
        null,
        null,
        null,
        null,
        null,
        null,
        null,
        null,
        null,
        null,
        null,
        null,
        null,
        null,
        null,
        null,
        null,
        null,
        1,
        null,
        1,
        null,
        1,
        null,
        null,
        null,
        null,
        1,
        null,
        null,
        null,
        null,
        null,
        null,
        null,
        null,
        null,
        null,
        null,
        null,
        null,
        null,
        1,
        null
      ],
      "/Users/Carmer/Documents/Turing/projects/idea_box_2.0/config/environment.rb": [
        null,
        1,
        null,
        null,
        1
      ],
      "/Users/Carmer/Documents/Turing/projects/idea_box_2.0/config/application.rb": [
        1,
        null,
        1,
        null,
        1,
        1,
        1,
        1,
        1,
        1,
        1,
        null,
        null,
        null,
        null,
        1,
        null,
        1,
        1,
        null,
        null,
        null,
        null,
        null,
        null,
        null,
        null,
        null,
        null,
        null,
        null,
        null,
        1,
        null,
        null
      ],
      "/Users/Carmer/Documents/Turing/projects/idea_box_2.0/config/boot.rb": [
        1,
        null,
        1
      ],
      "/Users/Carmer/Documents/Turing/projects/idea_box_2.0/config/environments/test.rb": [
        1,
        null,
        null,
        null,
        null,
        null,
        null,
        1,
        null,
        null,
        null,
        null,
        1,
        null,
        null,
        1,
        1,
        null,
        null,
        1,
        1,
        null,
        null,
        1,
        null,
        null,
        1,
        null,
        null,
        null,
        null,
        1,
        null,
        null,
        1,
        null,
        null,
        1,
        null,
        null,
        null,
        null
      ],
      "/Users/Carmer/Documents/Turing/projects/idea_box_2.0/config/initializers/assets.rb": [
        null,
        null,
        null,
        1,
        null,
        null,
        null,
        null,
        null,
        null,
        null
      ],
      "/Users/Carmer/Documents/Turing/projects/idea_box_2.0/config/initializers/backtrace_silencers.rb": [
        null,
        null,
        null,
        null,
        null,
        null,
        null
      ],
      "/Users/Carmer/Documents/Turing/projects/idea_box_2.0/config/initializers/cookies_serializer.rb": [
        null,
        null,
        1
      ],
      "/Users/Carmer/Documents/Turing/projects/idea_box_2.0/config/initializers/filter_parameter_logging.rb": [
        null,
        null,
        null,
        1
      ],
      "/Users/Carmer/Documents/Turing/projects/idea_box_2.0/config/initializers/inflections.rb": [
        null,
        null,
        null,
        null,
        null,
        null,
        null,
        null,
        null,
        null,
        null,
        null,
        null,
        null,
        null,
        null
      ],
      "/Users/Carmer/Documents/Turing/projects/idea_box_2.0/config/initializers/mime_types.rb": [
        null,
        null,
        null,
        null
      ],
      "/Users/Carmer/Documents/Turing/projects/idea_box_2.0/config/initializers/session_store.rb": [
        null,
        null,
        1
      ],
      "/Users/Carmer/Documents/Turing/projects/idea_box_2.0/config/initializers/wrap_parameters.rb": [
        null,
        null,
        null,
        null,
        null,
        null,
        1,
        1,
        null,
        null,
        null,
        null,
        null,
        null
      ],
      "/Users/Carmer/Documents/Turing/projects/idea_box_2.0/spec/factories/idea.rb": [
        1,
        1,
        1,
        1,
        1,
        null,
        null
      ],
      "/Users/Carmer/Documents/Turing/projects/idea_box_2.0/spec/factories/quality.rb": [
        1,
        1,
        1,
        null,
        null
      ],
      "/Users/Carmer/Documents/Turing/projects/idea_box_2.0/config/routes.rb": [
        1,
        1,
        null,
        1,
        null,
        1,
        1,
        1,
        null,
        null,
        null
      ],
      "/Users/Carmer/Documents/Turing/projects/idea_box_2.0/app/helpers/application_helper.rb": [
        1,
        null
      ],
      "/Users/Carmer/Documents/Turing/projects/idea_box_2.0/app/controllers/api/v1/idea_controller.rb": [
        1,
        null,
        1,
        null,
        1,
        null,
        1,
        1,
        null,
        null,
        1,
        1,
        null,
        null,
        1,
        1,
        null,
        null,
        1,
        1,
        null,
        null,
        1,
        1,
        null,
        null,
        1,
        1,
        1,
        0,
        0,
        null,
        1,
        null,
        null,
        null,
        1,
        null,
        1,
        2,
        null,
        null
      ],
      "/Users/Carmer/Documents/Turing/projects/idea_box_2.0/app/controllers/application_controller.rb": [
        1,
        null,
        null,
        1,
        null
      ],
      "/Users/Carmer/Documents/Turing/projects/idea_box_2.0/spec/features/idea_creation_spec.rb": [
        1,
        null,
        1,
        1,
        0,
        null,
        0,
        0,
        0,
        0,
        0,
        0,
        null,
        null,
        null
      ],
      "/Users/Carmer/Documents/Turing/projects/idea_box_2.0/app/models/idea.rb": [
        1,
        1,
        1,
        null,
        1,
        null,
        33,
        null,
        1,
        0,
        0,
        0,
        0,
        null,
        null,
        null
      ],
      "/Users/Carmer/Documents/Turing/projects/idea_box_2.0/spec/models/idea_spec.rb": [
        1,
        null,
        1,
        null,
        1,
        1,
        null,
        null,
        5,
        5,
        null,
        2,
        2,
        2,
        2,
        null,
        null,
        1,
        0,
        0,
        null,
        0,
        0,
        null,
        0,
        0,
        0,
        null,
        null,
        null
      ],
      "/Users/Carmer/Documents/Turing/projects/idea_box_2.0/app/models/quality.rb": [
        1,
        1,
        null,
        1,
        null
      ]
    },
    "timestamp": 1436420689
  }
}
